<?xml version="1.0" encoding="utf-8"?><testsuites name="pytest tests"><testsuite name="pytest" errors="0" failures="1" skipped="0" tests="11" time="1.940" timestamp="2026-04-13T14:38:48.032508+00:00" hostname="agent-env-e32ae50a-7d53-4718-bbd9-9b09e3c27d32"><testcase classname="backend.tests.test_configurator_api.TestConfiguratorApi" name="test_configurator_returns_200_and_core_fields" time="0.527" /><testcase classname="backend.tests.test_configurator_api.TestConfiguratorApi" name="test_inventory_by_brand_includes_brand_scoped_items" time="0.122" /><testcase classname="backend.tests.test_configurator_api.TestConfiguratorApi" name="test_bundle_includes_new_technical_fields" time="0.134" /><testcase classname="backend.tests.test_configurator_api.TestConfiguratorApi" name="test_configurator_catalog_contains_expected_project_brand_mapping" time="0.119" /><testcase classname="backend.tests.test_configurator_api.TestConfiguratorApi" name="test_oficina_siemon_bom_supports_expected_minimum_quantities" time="0.138" /><testcase classname="backend.tests.test_configurator_api.TestConfiguratorApi" name="test_unavailable_combination_returns_clean_no_product_state" time="0.118" /><testcase classname="backend.tests.test_configurator_api.TestConfiguratorApi" name="test_project_allowed_spec_rules_are_enforced_in_payload" time="0.116" /><testcase classname="backend.tests.test_configurator_api.TestConfiguratorApi" name="test_api_root_endpoint_is_available" time="0.106" /><testcase classname="backend.tests.test_preventa_rules_contract.TestPreventaRulesContract" name="test_configurator_endpoint_is_reachable" time="0.216" /><testcase classname="backend.tests.test_preventa_rules_contract.TestPreventaRulesContract" name="test_patch_panel_default_is_24_ports" time="0.120" /><testcase classname="backend.tests.test_preventa_rules_contract.TestPreventaRulesContract" name="test_jacks_per_point_matches_requested_logic" time="0.130"><failure message="assert 2 == 1">backend/tests/test_preventa_rules_contract.py:62: in test_jacks_per_point_matches_requested_logic
    assert rule["jacks_per_point"] == 1
E   assert 2 == 1</failure></testcase></testsuite></testsuites>